<?xml version="1.0" encoding="UTF-8"?>
<testsuite xmlns:xsi="http://www.w3.org/2001/XMLSchema-instance" xsi:noNamespaceSchemaLocation="https://maven.apache.org/surefire/maven-surefire-plugin/xsd/surefire-test-report-3.0.xsd" version="3.0" name="com.example.managementSystem.ManagementSystemApplicationTests" time="5.253" tests="1" errors="0" skipped="0" failures="0">
  <properties>
    <property name="java.specification.version" value="21"/>
    <property name="sun.cpu.isalist" value="amd64"/>
    <property name="sun.jnu.encoding" value="Cp1252"/>
    <property name="java.class.path" value="C:\Users\Dell\Downloads\managementSystem\managementSystem\target\test-classes;C:\Users\Dell\Downloads\managementSystem\managementSystem\target\classes;C:\Users\Dell\.m2\repository\org\springframework\boot\spring-boot-starter-data-mongodb\3.3.13\spring-boot-starter-data-mongodb-3.3.13.jar;C:\Users\Dell\.m2\repository\org\springframework\boot\spring-boot-starter\3.3.13\spring-boot-starter-3.3.13.jar;C:\Users\Dell\.m2\repository\org\springframework\boot\spring-boot\3.3.13\spring-boot-3.3.13.jar;C:\Users\Dell\.m2\repository\org\springframework\boot\spring-boot-autoconfigure\3.3.13\spring-boot-autoconfigure-3.3.13.jar;C:\Users\Dell\.m2\repository\org\springframework\boot\spring-boot-starter-logging\3.3.13\spring-boot-starter-logging-3.3.13.jar;C:\Users\Dell\.m2\repository\ch\qos\logback\logback-classic\1.5.18\logback-classic-1.5.18.jar;C:\Users\Dell\.m2\repository\ch\qos\logback\logback-core\1.5.18\logback-core-1.5.18.jar;C:\Users\Dell\.m2\repository\org\apache\logging\log4j\log4j-to-slf4j\2.23.1\log4j-to-slf4j-2.23.1.jar;C:\Users\Dell\.m2\repository\org\slf4j\jul-to-slf4j\2.0.17\jul-to-slf4j-2.0.17.jar;C:\Users\Dell\.m2\repository\jakarta\annotation\jakarta.annotation-api\2.1.1\jakarta.annotation-api-2.1.1.jar;C:\Users\Dell\.m2\repository\org\yaml\snakeyaml\2.2\snakeyaml-2.2.jar;C:\Users\Dell\.m2\repository\org\mongodb\mongodb-driver-sync\5.0.1\mongodb-driver-sync-5.0.1.jar;C:\Users\Dell\.m2\repository\org\mongodb\bson\5.0.1\bson-5.0.1.jar;C:\Users\Dell\.m2\repository\org\mongodb\mongodb-driver-core\5.0.1\mongodb-driver-core-5.0.1.jar;C:\Users\Dell\.m2\repository\org\mongodb\bson-record-codec\5.0.1\bson-record-codec-5.0.1.jar;C:\Users\Dell\.m2\repository\org\springframework\data\spring-data-mongodb\4.3.13\spring-data-mongodb-4.3.13.jar;C:\Users\Dell\.m2\repository\org\springframework\spring-tx\6.1.21\spring-tx-6.1.21.jar;C:\Users\Dell\.m2\repository\org\springframework\spring-context\6.1.21\spring-context-6.1.21.jar;C:\Users\Dell\.m2\repository\org\springframework\spring-beans\6.1.21\spring-beans-6.1.21.jar;C:\Users\Dell\.m2\repository\org\springframework\spring-expression\6.1.21\spring-expression-6.1.21.jar;C:\Users\Dell\.m2\repository\org\springframework\data\spring-data-commons\3.3.13\spring-data-commons-3.3.13.jar;C:\Users\Dell\.m2\repository\org\slf4j\slf4j-api\2.0.17\slf4j-api-2.0.17.jar;C:\Users\Dell\.m2\repository\org\springframework\boot\spring-boot-starter-web\3.3.13\spring-boot-starter-web-3.3.13.jar;C:\Users\Dell\.m2\repository\org\springframework\boot\spring-boot-starter-json\3.3.13\spring-boot-starter-json-3.3.13.jar;C:\Users\Dell\.m2\repository\com\fasterxml\jackson\core\jackson-databind\2.17.3\jackson-databind-2.17.3.jar;C:\Users\Dell\.m2\repository\com\fasterxml\jackson\core\jackson-annotations\2.17.3\jackson-annotations-2.17.3.jar;C:\Users\Dell\.m2\repository\com\fasterxml\jackson\core\jackson-core\2.17.3\jackson-core-2.17.3.jar;C:\Users\Dell\.m2\repository\com\fasterxml\jackson\datatype\jackson-datatype-jdk8\2.17.3\jackson-datatype-jdk8-2.17.3.jar;C:\Users\Dell\.m2\repository\com\fasterxml\jackson\datatype\jackson-datatype-jsr310\2.17.3\jackson-datatype-jsr310-2.17.3.jar;C:\Users\Dell\.m2\repository\com\fasterxml\jackson\module\jackson-module-parameter-names\2.17.3\jackson-module-parameter-names-2.17.3.jar;C:\Users\Dell\.m2\repository\org\springframework\boot\spring-boot-starter-tomcat\3.3.13\spring-boot-starter-tomcat-3.3.13.jar;C:\Users\Dell\.m2\repository\org\apache\tomcat\embed\tomcat-embed-core\10.1.42\tomcat-embed-core-10.1.42.jar;C:\Users\Dell\.m2\repository\org\apache\tomcat\embed\tomcat-embed-el\10.1.42\tomcat-embed-el-10.1.42.jar;C:\Users\Dell\.m2\repository\org\apache\tomcat\embed\tomcat-embed-websocket\10.1.42\tomcat-embed-websocket-10.1.42.jar;C:\Users\Dell\.m2\repository\org\springframework\spring-web\6.1.21\spring-web-6.1.21.jar;C:\Users\Dell\.m2\repository\io\micrometer\micrometer-observation\1.13.15\micrometer-observation-1.13.15.jar;C:\Users\Dell\.m2\repository\io\micrometer\micrometer-commons\1.13.15\micrometer-commons-1.13.15.jar;C:\Users\Dell\.m2\repository\org\springframework\spring-webmvc\6.1.21\spring-webmvc-6.1.21.jar;C:\Users\Dell\.m2\repository\org\springframework\spring-aop\6.1.21\spring-aop-6.1.21.jar;C:\Users\Dell\.m2\repository\org\projectlombok\lombok\1.18.38\lombok-1.18.38.jar;C:\Users\Dell\.m2\repository\org\springframework\boot\spring-boot-starter-test\3.3.13\spring-boot-starter-test-3.3.13.jar;C:\Users\Dell\.m2\repository\org\springframework\boot\spring-boot-test\3.3.13\spring-boot-test-3.3.13.jar;C:\Users\Dell\.m2\repository\org\springframework\boot\spring-boot-test-autoconfigure\3.3.13\spring-boot-test-autoconfigure-3.3.13.jar;C:\Users\Dell\.m2\repository\com\jayway\jsonpath\json-path\2.9.0\json-path-2.9.0.jar;C:\Users\Dell\.m2\repository\jakarta\xml\bind\jakarta.xml.bind-api\4.0.2\jakarta.xml.bind-api-4.0.2.jar;C:\Users\Dell\.m2\repository\jakarta\activation\jakarta.activation-api\2.1.3\jakarta.activation-api-2.1.3.jar;C:\Users\Dell\.m2\repository\net\minidev\json-smart\2.5.2\json-smart-2.5.2.jar;C:\Users\Dell\.m2\repository\net\minidev\accessors-smart\2.5.2\accessors-smart-2.5.2.jar;C:\Users\Dell\.m2\repository\org\ow2\asm\asm\9.7.1\asm-9.7.1.jar;C:\Users\Dell\.m2\repository\org\assertj\assertj-core\3.25.3\assertj-core-3.25.3.jar;C:\Users\Dell\.m2\repository\net\bytebuddy\byte-buddy\1.14.19\byte-buddy-1.14.19.jar;C:\Users\Dell\.m2\repository\org\awaitility\awaitility\4.2.2\awaitility-4.2.2.jar;C:\Users\Dell\.m2\repository\org\hamcrest\hamcrest\2.2\hamcrest-2.2.jar;C:\Users\Dell\.m2\repository\org\junit\jupiter\junit-jupiter\5.10.5\junit-jupiter-5.10.5.jar;C:\Users\Dell\.m2\repository\org\junit\jupiter\junit-jupiter-api\5.10.5\junit-jupiter-api-5.10.5.jar;C:\Users\Dell\.m2\repository\org\opentest4j\opentest4j\1.3.0\opentest4j-1.3.0.jar;C:\Users\Dell\.m2\repository\org\junit\platform\junit-platform-commons\1.10.5\junit-platform-commons-1.10.5.jar;C:\Users\Dell\.m2\repository\org\apiguardian\apiguardian-api\1.1.2\apiguardian-api-1.1.2.jar;C:\Users\Dell\.m2\repository\org\junit\jupiter\junit-jupiter-params\5.10.5\junit-jupiter-params-5.10.5.jar;C:\Users\Dell\.m2\repository\org\junit\jupiter\junit-jupiter-engine\5.10.5\junit-jupiter-engine-5.10.5.jar;C:\Users\Dell\.m2\repository\org\junit\platform\junit-platform-engine\1.10.5\junit-platform-engine-1.10.5.jar;C:\Users\Dell\.m2\repository\org\mockito\mockito-core\5.11.0\mockito-core-5.11.0.jar;C:\Users\Dell\.m2\repository\net\bytebuddy\byte-buddy-agent\1.14.19\byte-buddy-agent-1.14.19.jar;C:\Users\Dell\.m2\repository\org\objenesis\objenesis\3.3\objenesis-3.3.jar;C:\Users\Dell\.m2\repository\org\mockito\mockito-junit-jupiter\5.11.0\mockito-junit-jupiter-5.11.0.jar;C:\Users\Dell\.m2\repository\org\skyscreamer\jsonassert\1.5.3\jsonassert-1.5.3.jar;C:\Users\Dell\.m2\repository\com\vaadin\external\google\android-json\0.0.20131108.vaadin1\android-json-0.0.20131108.vaadin1.jar;C:\Users\Dell\.m2\repository\org\springframework\spring-core\6.1.21\spring-core-6.1.21.jar;C:\Users\Dell\.m2\repository\org\springframework\spring-jcl\6.1.21\spring-jcl-6.1.21.jar;C:\Users\Dell\.m2\repository\org\springframework\spring-test\6.1.21\spring-test-6.1.21.jar;C:\Users\Dell\.m2\repository\org\xmlunit\xmlunit-core\2.9.1\xmlunit-core-2.9.1.jar;C:\Users\Dell\.m2\repository\org\apache\poi\poi-ooxml\5.2.3\poi-ooxml-5.2.3.jar;C:\Users\Dell\.m2\repository\org\apache\poi\poi\5.2.3\poi-5.2.3.jar;C:\Users\Dell\.m2\repository\commons-codec\commons-codec\1.16.1\commons-codec-1.16.1.jar;C:\Users\Dell\.m2\repository\org\apache\commons\commons-math3\3.6.1\commons-math3-3.6.1.jar;C:\Users\Dell\.m2\repository\com\zaxxer\SparseBitSet\1.2\SparseBitSet-1.2.jar;C:\Users\Dell\.m2\repository\org\apache\poi\poi-ooxml-lite\5.2.3\poi-ooxml-lite-5.2.3.jar;C:\Users\Dell\.m2\repository\org\apache\xmlbeans\xmlbeans\5.1.1\xmlbeans-5.1.1.jar;C:\Users\Dell\.m2\repository\org\apache\commons\commons-compress\1.21\commons-compress-1.21.jar;C:\Users\Dell\.m2\repository\commons-io\commons-io\2.11.0\commons-io-2.11.0.jar;C:\Users\Dell\.m2\repository\com\github\virtuald\curvesapi\1.07\curvesapi-1.07.jar;C:\Users\Dell\.m2\repository\org\apache\logging\log4j\log4j-api\2.23.1\log4j-api-2.23.1.jar;C:\Users\Dell\.m2\repository\org\apache\commons\commons-collections4\4.4\commons-collections4-4.4.jar;"/>
    <property name="java.vm.vendor" value="Eclipse Adoptium"/>
    <property name="sun.arch.data.model" value="64"/>
    <property name="user.variant" value=""/>
    <property name="java.vendor.url" value="https://adoptium.net/"/>
    <property name="user.timezone" value="Asia/Calcutta"/>
    <property name="os.name" value="Windows 11"/>
    <property name="java.vm.specification.version" value="21"/>
    <property name="sun.java.launcher" value="SUN_STANDARD"/>
    <property name="user.country" value="IN"/>
    <property name="sun.boot.library.path" value="C:\Program Files\Eclipse Adoptium\jdk-21.0.7.6-hotspot\bin"/>
    <property name="sun.java.command" value="C:\Users\Dell\AppData\Local\Temp\surefire14902737432109725430\surefirebooter-20250711160320220_3.jar C:\Users\Dell\AppData\Local\Temp\surefire14902737432109725430 2025-07-11T16-03-20_079-jvmRun1 surefire-20250711160320220_1tmp surefire_0-20250711160320220_2tmp"/>
    <property name="jdk.debug" value="release"/>
    <property name="surefire.test.class.path" value="C:\Users\Dell\Downloads\managementSystem\managementSystem\target\test-classes;C:\Users\Dell\Downloads\managementSystem\managementSystem\target\classes;C:\Users\Dell\.m2\repository\org\springframework\boot\spring-boot-starter-data-mongodb\3.3.13\spring-boot-starter-data-mongodb-3.3.13.jar;C:\Users\Dell\.m2\repository\org\springframework\boot\spring-boot-starter\3.3.13\spring-boot-starter-3.3.13.jar;C:\Users\Dell\.m2\repository\org\springframework\boot\spring-boot\3.3.13\spring-boot-3.3.13.jar;C:\Users\Dell\.m2\repository\org\springframework\boot\spring-boot-autoconfigure\3.3.13\spring-boot-autoconfigure-3.3.13.jar;C:\Users\Dell\.m2\repository\org\springframework\boot\spring-boot-starter-logging\3.3.13\spring-boot-starter-logging-3.3.13.jar;C:\Users\Dell\.m2\repository\ch\qos\logback\logback-classic\1.5.18\logback-classic-1.5.18.jar;C:\Users\Dell\.m2\repository\ch\qos\logback\logback-core\1.5.18\logback-core-1.5.18.jar;C:\Users\Dell\.m2\repository\org\apache\logging\log4j\log4j-to-slf4j\2.23.1\log4j-to-slf4j-2.23.1.jar;C:\Users\Dell\.m2\repository\org\slf4j\jul-to-slf4j\2.0.17\jul-to-slf4j-2.0.17.jar;C:\Users\Dell\.m2\repository\jakarta\annotation\jakarta.annotation-api\2.1.1\jakarta.annotation-api-2.1.1.jar;C:\Users\Dell\.m2\repository\org\yaml\snakeyaml\2.2\snakeyaml-2.2.jar;C:\Users\Dell\.m2\repository\org\mongodb\mongodb-driver-sync\5.0.1\mongodb-driver-sync-5.0.1.jar;C:\Users\Dell\.m2\repository\org\mongodb\bson\5.0.1\bson-5.0.1.jar;C:\Users\Dell\.m2\repository\org\mongodb\mongodb-driver-core\5.0.1\mongodb-driver-core-5.0.1.jar;C:\Users\Dell\.m2\repository\org\mongodb\bson-record-codec\5.0.1\bson-record-codec-5.0.1.jar;C:\Users\Dell\.m2\repository\org\springframework\data\spring-data-mongodb\4.3.13\spring-data-mongodb-4.3.13.jar;C:\Users\Dell\.m2\repository\org\springframework\spring-tx\6.1.21\spring-tx-6.1.21.jar;C:\Users\Dell\.m2\repository\org\springframework\spring-context\6.1.21\spring-context-6.1.21.jar;C:\Users\Dell\.m2\repository\org\springframework\spring-beans\6.1.21\spring-beans-6.1.21.jar;C:\Users\Dell\.m2\repository\org\springframework\spring-expression\6.1.21\spring-expression-6.1.21.jar;C:\Users\Dell\.m2\repository\org\springframework\data\spring-data-commons\3.3.13\spring-data-commons-3.3.13.jar;C:\Users\Dell\.m2\repository\org\slf4j\slf4j-api\2.0.17\slf4j-api-2.0.17.jar;C:\Users\Dell\.m2\repository\org\springframework\boot\spring-boot-starter-web\3.3.13\spring-boot-starter-web-3.3.13.jar;C:\Users\Dell\.m2\repository\org\springframework\boot\spring-boot-starter-json\3.3.13\spring-boot-starter-json-3.3.13.jar;C:\Users\Dell\.m2\repository\com\fasterxml\jackson\core\jackson-databind\2.17.3\jackson-databind-2.17.3.jar;C:\Users\Dell\.m2\repository\com\fasterxml\jackson\core\jackson-annotations\2.17.3\jackson-annotations-2.17.3.jar;C:\Users\Dell\.m2\repository\com\fasterxml\jackson\core\jackson-core\2.17.3\jackson-core-2.17.3.jar;C:\Users\Dell\.m2\repository\com\fasterxml\jackson\datatype\jackson-datatype-jdk8\2.17.3\jackson-datatype-jdk8-2.17.3.jar;C:\Users\Dell\.m2\repository\com\fasterxml\jackson\datatype\jackson-datatype-jsr310\2.17.3\jackson-datatype-jsr310-2.17.3.jar;C:\Users\Dell\.m2\repository\com\fasterxml\jackson\module\jackson-module-parameter-names\2.17.3\jackson-module-parameter-names-2.17.3.jar;C:\Users\Dell\.m2\repository\org\springframework\boot\spring-boot-starter-tomcat\3.3.13\spring-boot-starter-tomcat-3.3.13.jar;C:\Users\Dell\.m2\repository\org\apache\tomcat\embed\tomcat-embed-core\10.1.42\tomcat-embed-core-10.1.42.jar;C:\Users\Dell\.m2\repository\org\apache\tomcat\embed\tomcat-embed-el\10.1.42\tomcat-embed-el-10.1.42.jar;C:\Users\Dell\.m2\repository\org\apache\tomcat\embed\tomcat-embed-websocket\10.1.42\tomcat-embed-websocket-10.1.42.jar;C:\Users\Dell\.m2\repository\org\springframework\spring-web\6.1.21\spring-web-6.1.21.jar;C:\Users\Dell\.m2\repository\io\micrometer\micrometer-observation\1.13.15\micrometer-observation-1.13.15.jar;C:\Users\Dell\.m2\repository\io\micrometer\micrometer-commons\1.13.15\micrometer-commons-1.13.15.jar;C:\Users\Dell\.m2\repository\org\springframework\spring-webmvc\6.1.21\spring-webmvc-6.1.21.jar;C:\Users\Dell\.m2\repository\org\springframework\spring-aop\6.1.21\spring-aop-6.1.21.jar;C:\Users\Dell\.m2\repository\org\projectlombok\lombok\1.18.38\lombok-1.18.38.jar;C:\Users\Dell\.m2\repository\org\springframework\boot\spring-boot-starter-test\3.3.13\spring-boot-starter-test-3.3.13.jar;C:\Users\Dell\.m2\repository\org\springframework\boot\spring-boot-test\3.3.13\spring-boot-test-3.3.13.jar;C:\Users\Dell\.m2\repository\org\springframework\boot\spring-boot-test-autoconfigure\3.3.13\spring-boot-test-autoconfigure-3.3.13.jar;C:\Users\Dell\.m2\repository\com\jayway\jsonpath\json-path\2.9.0\json-path-2.9.0.jar;C:\Users\Dell\.m2\repository\jakarta\xml\bind\jakarta.xml.bind-api\4.0.2\jakarta.xml.bind-api-4.0.2.jar;C:\Users\Dell\.m2\repository\jakarta\activation\jakarta.activation-api\2.1.3\jakarta.activation-api-2.1.3.jar;C:\Users\Dell\.m2\repository\net\minidev\json-smart\2.5.2\json-smart-2.5.2.jar;C:\Users\Dell\.m2\repository\net\minidev\accessors-smart\2.5.2\accessors-smart-2.5.2.jar;C:\Users\Dell\.m2\repository\org\ow2\asm\asm\9.7.1\asm-9.7.1.jar;C:\Users\Dell\.m2\repository\org\assertj\assertj-core\3.25.3\assertj-core-3.25.3.jar;C:\Users\Dell\.m2\repository\net\bytebuddy\byte-buddy\1.14.19\byte-buddy-1.14.19.jar;C:\Users\Dell\.m2\repository\org\awaitility\awaitility\4.2.2\awaitility-4.2.2.jar;C:\Users\Dell\.m2\repository\org\hamcrest\hamcrest\2.2\hamcrest-2.2.jar;C:\Users\Dell\.m2\repository\org\junit\jupiter\junit-jupiter\5.10.5\junit-jupiter-5.10.5.jar;C:\Users\Dell\.m2\repository\org\junit\jupiter\junit-jupiter-api\5.10.5\junit-jupiter-api-5.10.5.jar;C:\Users\Dell\.m2\repository\org\opentest4j\opentest4j\1.3.0\opentest4j-1.3.0.jar;C:\Users\Dell\.m2\repository\org\junit\platform\junit-platform-commons\1.10.5\junit-platform-commons-1.10.5.jar;C:\Users\Dell\.m2\repository\org\apiguardian\apiguardian-api\1.1.2\apiguardian-api-1.1.2.jar;C:\Users\Dell\.m2\repository\org\junit\jupiter\junit-jupiter-params\5.10.5\junit-jupiter-params-5.10.5.jar;C:\Users\Dell\.m2\repository\org\junit\jupiter\junit-jupiter-engine\5.10.5\junit-jupiter-engine-5.10.5.jar;C:\Users\Dell\.m2\repository\org\junit\platform\junit-platform-engine\1.10.5\junit-platform-engine-1.10.5.jar;C:\Users\Dell\.m2\repository\org\mockito\mockito-core\5.11.0\mockito-core-5.11.0.jar;C:\Users\Dell\.m2\repository\net\bytebuddy\byte-buddy-agent\1.14.19\byte-buddy-agent-1.14.19.jar;C:\Users\Dell\.m2\repository\org\objenesis\objenesis\3.3\objenesis-3.3.jar;C:\Users\Dell\.m2\repository\org\mockito\mockito-junit-jupiter\5.11.0\mockito-junit-jupiter-5.11.0.jar;C:\Users\Dell\.m2\repository\org\skyscreamer\jsonassert\1.5.3\jsonassert-1.5.3.jar;C:\Users\Dell\.m2\repository\com\vaadin\external\google\android-json\0.0.20131108.vaadin1\android-json-0.0.20131108.vaadin1.jar;C:\Users\Dell\.m2\repository\org\springframework\spring-core\6.1.21\spring-core-6.1.21.jar;C:\Users\Dell\.m2\repository\org\springframework\spring-jcl\6.1.21\spring-jcl-6.1.21.jar;C:\Users\Dell\.m2\repository\org\springframework\spring-test\6.1.21\spring-test-6.1.21.jar;C:\Users\Dell\.m2\repository\org\xmlunit\xmlunit-core\2.9.1\xmlunit-core-2.9.1.jar;C:\Users\Dell\.m2\repository\org\apache\poi\poi-ooxml\5.2.3\poi-ooxml-5.2.3.jar;C:\Users\Dell\.m2\repository\org\apache\poi\poi\5.2.3\poi-5.2.3.jar;C:\Users\Dell\.m2\repository\commons-codec\commons-codec\1.16.1\commons-codec-1.16.1.jar;C:\Users\Dell\.m2\repository\org\apache\commons\commons-math3\3.6.1\commons-math3-3.6.1.jar;C:\Users\Dell\.m2\repository\com\zaxxer\SparseBitSet\1.2\SparseBitSet-1.2.jar;C:\Users\Dell\.m2\repository\org\apache\poi\poi-ooxml-lite\5.2.3\poi-ooxml-lite-5.2.3.jar;C:\Users\Dell\.m2\repository\org\apache\xmlbeans\xmlbeans\5.1.1\xmlbeans-5.1.1.jar;C:\Users\Dell\.m2\repository\org\apache\commons\commons-compress\1.21\commons-compress-1.21.jar;C:\Users\Dell\.m2\repository\commons-io\commons-io\2.11.0\commons-io-2.11.0.jar;C:\Users\Dell\.m2\repository\com\github\virtuald\curvesapi\1.07\curvesapi-1.07.jar;C:\Users\Dell\.m2\repository\org\apache\logging\log4j\log4j-api\2.23.1\log4j-api-2.23.1.jar;C:\Users\Dell\.m2\repository\org\apache\commons\commons-collections4\4.4\commons-collections4-4.4.jar;"/>
    <property name="sun.cpu.endian" value="little"/>
    <property name="user.home" value="C:\Users\Dell"/>
    <property name="user.language" value="en"/>
    <property name="java.specification.vendor" value="Oracle Corporation"/>
    <property name="java.version.date" value="2025-04-15"/>
    <property name="java.home" value="C:\Program Files\Eclipse Adoptium\jdk-21.0.7.6-hotspot"/>
    <property name="file.separator" value="\"/>
    <property name="basedir" value="C:\Users\Dell\Downloads\managementSystem\managementSystem"/>
    <property name="java.vm.compressedOopsMode" value="Zero based"/>
    <property name="line.separator" value="&#10;"/>
    <property name="java.vm.specification.vendor" value="Oracle Corporation"/>
    <property name="java.specification.name" value="Java Platform API Specification"/>
    <property name="FILE_LOG_CHARSET" value="UTF-8"/>
    <property name="java.awt.headless" value="true"/>
    <property name="surefire.real.class.path" value="C:\Users\Dell\AppData\Local\Temp\surefire14902737432109725430\surefirebooter-20250711160320220_3.jar"/>
    <property name="user.script" value=""/>
    <property name="sun.management.compiler" value="HotSpot 64-Bit Tiered Compilers"/>
    <property name="java.runtime.version" value="21.0.7+6-LTS"/>
    <property name="user.name" value="Dell"/>
    <property name="stdout.encoding" value="Cp1252"/>
    <property name="path.separator" value=";"/>
    <property name="os.version" value="10.0"/>
    <property name="java.runtime.name" value="OpenJDK Runtime Environment"/>
    <property name="file.encoding" value="UTF-8"/>
    <property name="java.vm.name" value="OpenJDK 64-Bit Server VM"/>
    <property name="java.vendor.version" value="Temurin-21.0.7+6"/>
    <property name="localRepository" value="C:\Users\Dell\.m2\repository"/>
    <property name="java.vendor.url.bug" value="https://github.com/adoptium/adoptium-support/issues"/>
    <property name="java.io.tmpdir" value="C:\Users\Dell\AppData\Local\Temp\"/>
    <property name="java.version" value="21.0.7"/>
    <property name="user.dir" value="C:\Users\Dell\Downloads\managementSystem\managementSystem"/>
    <property name="os.arch" value="amd64"/>
    <property name="java.vm.specification.name" value="Java Virtual Machine Specification"/>
    <property name="PID" value="17664"/>
    <property name="sun.os.patch.level" value=""/>
    <property name="CONSOLE_LOG_CHARSET" value="UTF-8"/>
    <property name="native.encoding" value="Cp1252"/>
    <property name="java.library.path" value="C:\Program Files\Eclipse Adoptium\jdk-21.0.7.6-hotspot\bin;C:\WINDOWS\Sun\Java\bin;C:\WINDOWS\system32;C:\WINDOWS;C:\Program Files\Eclipse Adoptium\jdk-21.0.7.6-hotspot\bin;C:\WINDOWS\system32;C:\WINDOWS;C:\WINDOWS\System32\Wbem;C:\WINDOWS\System32\WindowsPowerShell\v1.0\;C:\WINDOWS\System32\OpenSSH\;C:\Program Files\dotnet\;C:\Program Files\Git\cmd;C:\Program Files\nodejs\;C:\Program Files\Apache\Maven\apache-maven-3.9.10;C:\Users\Dell\AppData\Local\Microsoft\WindowsApps;C:\Users\Dell\AppData\Local\Programs\Microsoft VS Code\bin;C:\Users\Dell\AppData\Roaming\npm;C:\Program Files\Apache\Maven\apache-maven-3.9.10\bin;;c:\Users\Dell\AppData\Roaming\Code\User\globalStorage\github.copilot-chat\debugCommand;."/>
    <property name="java.vm.info" value="mixed mode, sharing"/>
    <property name="stderr.encoding" value="Cp1252"/>
    <property name="java.vendor" value="Eclipse Adoptium"/>
    <property name="java.vm.version" value="21.0.7+6-LTS"/>
    <property name="sun.io.unicode.encoding" value="UnicodeLittle"/>
    <property name="java.class.version" value="65.0"/>
    <property name="LOGGED_APPLICATION_NAME" value="[managementSystem] "/>
  </properties>
  <testcase name="contextLoads" classname="com.example.managementSystem.ManagementSystemApplicationTests" time="0.985">
    <system-out><![CDATA[16:03:21.230 [main] INFO org.springframework.test.context.support.AnnotationConfigContextLoaderUtils -- Could not detect default configuration classes for test class [com.example.managementSystem.ManagementSystemApplicationTests]: ManagementSystemApplicationTests does not declare any static, non-private, non-final, nested classes annotated with @Configuration.
16:03:21.352 [main] INFO org.springframework.boot.test.context.SpringBootTestContextBootstrapper -- Found @SpringBootConfiguration com.example.managementSystem.ManagementSystemApplication for test class com.example.managementSystem.ManagementSystemApplicationTests

  .   ____          _            __ _ _
 /\\ / ___'_ __ _ _(_)_ __  __ _ \ \ \ \
( ( )\___ | '_ | '_| | '_ \/ _` | \ \ \ \
 \\/  ___)| |_)| | | | | || (_| |  ) ) ) )
  '  |____| .__|_| |_|_| |_\__, | / / / /
 =========|_|==============|___/=/_/_/_/

 :: Spring Boot ::               (v3.3.13)

2025-07-11T16:03:21.888+05:30  INFO 17664 --- [managementSystem] [           main] c.e.m.ManagementSystemApplicationTests   : Starting ManagementSystemApplicationTests using Java 21.0.7 with PID 17664 (started by Dell in C:\Users\Dell\Downloads\managementSystem\managementSystem)
2025-07-11T16:03:21.889+05:30  INFO 17664 --- [managementSystem] [           main] c.e.m.ManagementSystemApplicationTests   : No active profile set, falling back to 1 default profile: "default"
2025-07-11T16:03:22.972+05:30  INFO 17664 --- [managementSystem] [           main] .s.d.r.c.RepositoryConfigurationDelegate : Bootstrapping Spring Data MongoDB repositories in DEFAULT mode.
2025-07-11T16:03:23.067+05:30  INFO 17664 --- [managementSystem] [           main] .s.d.r.c.RepositoryConfigurationDelegate : Finished Spring Data repository scanning in 88 ms. Found 1 MongoDB repository interface.
2025-07-11T16:03:23.782+05:30  INFO 17664 --- [managementSystem] [           main] org.mongodb.driver.client                : MongoClient with metadata {"driver": {"name": "mongo-java-driver|sync|spring-boot", "version": "5.0.1"}, "os": {"type": "Windows", "name": "Windows 11", "architecture": "amd64", "version": "10.0"}, "platform": "Java/Eclipse Adoptium/21.0.7+6-LTS"} created with settings MongoClientSettings{readPreference=primary, writeConcern=WriteConcern{w=null, wTimeout=null ms, journal=null}, retryWrites=true, retryReads=true, readConcern=ReadConcern{level=null}, credential=MongoCredential{mechanism=null, userName='rajkumardewangan021', source='admin', password=<hidden>, mechanismProperties=<hidden>}, transportSettings=null, commandListeners=[], codecRegistry=ProvidersCodecRegistry{codecProviders=[ValueCodecProvider{}, BsonValueCodecProvider{}, DBRefCodecProvider{}, DBObjectCodecProvider{}, DocumentCodecProvider{}, CollectionCodecProvider{}, IterableCodecProvider{}, MapCodecProvider{}, GeoJsonCodecProvider{}, GridFSFileCodecProvider{}, Jsr310CodecProvider{}, JsonObjectCodecProvider{}, BsonCodecProvider{}, EnumCodecProvider{}, com.mongodb.client.model.mql.ExpressionCodecProvider@35ef439e, com.mongodb.Jep395RecordCodecProvider@4997552e, com.mongodb.KotlinCodecProvider@7bcecef6]}, loggerSettings=LoggerSettings{maxDocumentLength=1000}, clusterSettings={hosts=[127.0.0.1:27017], srvHost=cluster0.spz3aax.mongodb.net, srvServiceName=mongodb, mode=MULTIPLE, requiredClusterType=REPLICA_SET, requiredReplicaSetName='atlas-muzjfs-shard-0', serverSelector='null', clusterListeners='[]', serverSelectionTimeout='30000 ms', localThreshold='15 ms'}, socketSettings=SocketSettings{connectTimeoutMS=10000, readTimeoutMS=0, receiveBufferSize=0, proxySettings=ProxySettings{host=null, port=null, username=null, password=null}}, heartbeatSocketSettings=SocketSettings{connectTimeoutMS=10000, readTimeoutMS=10000, receiveBufferSize=0, proxySettings=ProxySettings{host=null, port=null, username=null, password=null}}, connectionPoolSettings=ConnectionPoolSettings{maxSize=100, minSize=0, maxWaitTimeMS=120000, maxConnectionLifeTimeMS=0, maxConnectionIdleTimeMS=0, maintenanceInitialDelayMS=0, maintenanceFrequencyMS=60000, connectionPoolListeners=[], maxConnecting=2}, serverSettings=ServerSettings{heartbeatFrequencyMS=10000, minHeartbeatFrequencyMS=500, serverListeners='[]', serverMonitorListeners='[]'}, sslSettings=SslSettings{enabled=true, invalidHostNameAllowed=false, context=null}, applicationName='null', compressorList=[], uuidRepresentation=JAVA_LEGACY, serverApi=null, autoEncryptionSettings=null, dnsClient=null, inetAddressResolver=null, contextProvider=null}
2025-07-11T16:03:23.882+05:30  INFO 17664 --- [managementSystem] [aax.mongodb.net] org.mongodb.driver.cluster               : Adding discovered server ac-sqj7wxd-shard-00-02.spz3aax.mongodb.net:27017 to client view of cluster
2025-07-11T16:03:23.913+05:30  INFO 17664 --- [managementSystem] [aax.mongodb.net] org.mongodb.driver.cluster               : Adding discovered server ac-sqj7wxd-shard-00-00.spz3aax.mongodb.net:27017 to client view of cluster
2025-07-11T16:03:23.916+05:30  INFO 17664 --- [managementSystem] [aax.mongodb.net] org.mongodb.driver.cluster               : Adding discovered server ac-sqj7wxd-shard-00-01.spz3aax.mongodb.net:27017 to client view of cluster
2025-07-11T16:03:24.631+05:30  INFO 17664 --- [managementSystem] [           main] o.s.b.a.w.s.WelcomePageHandlerMapping    : Adding welcome page: class path resource [static/index.html]
2025-07-11T16:03:24.696+05:30  INFO 17664 --- [managementSystem] [ngodb.net:27017] org.mongodb.driver.cluster               : Monitor thread successfully connected to server with description ServerDescription{address=ac-sqj7wxd-shard-00-02.spz3aax.mongodb.net:27017, type=REPLICA_SET_SECONDARY, state=CONNECTED, ok=true, minWireVersion=0, maxWireVersion=25, maxDocumentSize=16777216, logicalSessionTimeoutMinutes=30, roundTripTimeNanos=425306200, setName='atlas-muzjfs-shard-0', canonicalAddress=ac-sqj7wxd-shard-00-02.spz3aax.mongodb.net:27017, hosts=[ac-sqj7wxd-shard-00-00.spz3aax.mongodb.net:27017, ac-sqj7wxd-shard-00-02.spz3aax.mongodb.net:27017, ac-sqj7wxd-shard-00-01.spz3aax.mongodb.net:27017], passives=[], arbiters=[], primary='ac-sqj7wxd-shard-00-01.spz3aax.mongodb.net:27017', tagSet=TagSet{[Tag{name='availabilityZone', value='aps1-az2'}, Tag{name='diskState', value='READY'}, Tag{name='nodeType', value='ELECTABLE'}, Tag{name='provider', value='AWS'}, Tag{name='region', value='AP_SOUTH_1'}, Tag{name='workloadType', value='OPERATIONAL'}]}, electionId=null, setVersion=406, topologyVersion=TopologyVersion{processId=686c4dba985dc9c38e52ad60, counter=3}, lastWriteDate=Fri Jul 11 16:03:14 IST 2025, lastUpdateTimeNanos=18561479577900}
2025-07-11T16:03:24.700+05:30  INFO 17664 --- [managementSystem] [ngodb.net:27017] org.mongodb.driver.cluster               : Monitor thread successfully connected to server with description ServerDescription{address=ac-sqj7wxd-shard-00-00.spz3aax.mongodb.net:27017, type=REPLICA_SET_SECONDARY, state=CONNECTED, ok=true, minWireVersion=0, maxWireVersion=25, maxDocumentSize=16777216, logicalSessionTimeoutMinutes=30, roundTripTimeNanos=433985600, setName='atlas-muzjfs-shard-0', canonicalAddress=ac-sqj7wxd-shard-00-00.spz3aax.mongodb.net:27017, hosts=[ac-sqj7wxd-shard-00-00.spz3aax.mongodb.net:27017, ac-sqj7wxd-shard-00-02.spz3aax.mongodb.net:27017, ac-sqj7wxd-shard-00-01.spz3aax.mongodb.net:27017], passives=[], arbiters=[], primary='ac-sqj7wxd-shard-00-01.spz3aax.mongodb.net:27017', tagSet=TagSet{[Tag{name='availabilityZone', value='aps1-az1'}, Tag{name='diskState', value='READY'}, Tag{name='nodeType', value='ELECTABLE'}, Tag{name='provider', value='AWS'}, Tag{name='region', value='AP_SOUTH_1'}, Tag{name='workloadType', value='OPERATIONAL'}]}, electionId=null, setVersion=406, topologyVersion=TopologyVersion{processId=686c4c5a20c1b0da1959ab81, counter=4}, lastWriteDate=Fri Jul 11 16:03:14 IST 2025, lastUpdateTimeNanos=18561488798600}
2025-07-11T16:03:24.722+05:30  INFO 17664 --- [managementSystem] [ngodb.net:27017] org.mongodb.driver.cluster               : Monitor thread successfully connected to server with description ServerDescription{address=ac-sqj7wxd-shard-00-01.spz3aax.mongodb.net:27017, type=REPLICA_SET_PRIMARY, state=CONNECTED, ok=true, minWireVersion=0, maxWireVersion=25, maxDocumentSize=16777216, logicalSessionTimeoutMinutes=30, roundTripTimeNanos=455689600, setName='atlas-muzjfs-shard-0', canonicalAddress=ac-sqj7wxd-shard-00-01.spz3aax.mongodb.net:27017, hosts=[ac-sqj7wxd-shard-00-00.spz3aax.mongodb.net:27017, ac-sqj7wxd-shard-00-02.spz3aax.mongodb.net:27017, ac-sqj7wxd-shard-00-01.spz3aax.mongodb.net:27017], passives=[], arbiters=[], primary='ac-sqj7wxd-shard-00-01.spz3aax.mongodb.net:27017', tagSet=TagSet{[Tag{name='availabilityZone', value='aps1-az3'}, Tag{name='diskState', value='READY'}, Tag{name='nodeType', value='ELECTABLE'}, Tag{name='provider', value='AWS'}, Tag{name='region', value='AP_SOUTH_1'}, Tag{name='workloadType', value='OPERATIONAL'}]}, electionId=7fffffff0000000000000161, setVersion=406, topologyVersion=TopologyVersion{processId=686c4b796fe2f44d3f171735, counter=6}, lastWriteDate=Fri Jul 11 16:03:14 IST 2025, lastUpdateTimeNanos=18561509962400}
2025-07-11T16:03:24.723+05:30  INFO 17664 --- [managementSystem] [ngodb.net:27017] org.mongodb.driver.cluster               : Discovered replica set primary ac-sqj7wxd-shard-00-01.spz3aax.mongodb.net:27017 with max election id 7fffffff0000000000000161 and max set version 406
2025-07-11T16:03:25.255+05:30  INFO 17664 --- [managementSystem] [           main] c.e.m.ManagementSystemApplicationTests   : Started ManagementSystemApplicationTests in 3.714 seconds (process running for 4.88)
]]></system-out>
    <system-err><![CDATA[WARNING: A Java agent has been loaded dynamically (C:\Users\Dell\.m2\repository\net\bytebuddy\byte-buddy-agent\1.14.19\byte-buddy-agent-1.14.19.jar)
WARNING: If a serviceability tool is in use, please run with -XX:+EnableDynamicAgentLoading to hide this warning
WARNING: If a serviceability tool is not in use, please run with -Djdk.instrument.traceUsage for more information
WARNING: Dynamic loading of agents will be disallowed by default in a future release
]]></system-err>
  </testcase>
</testsuite>